0 info it worked if it ends with ok
1 verbose cli [ '/usr/local/bin/node',
1 verbose cli   '/usr/local/bin/npm',
1 verbose cli   'update',
1 verbose cli   '-g',
1 verbose cli   'ungit' ]
2 info using npm@1.4.3
3 info using node@v0.10.26
4 verbose registry.get ungit not expired, no request
5 info outdated updating []
6 error Failed to parse json
6 error Unexpected end of input
7 error File: /usr/local/lib/node_modules/ungit/node_modules/npm-registry-client/node_modules/npm-cache-filename/package.json
8 error Failed to parse package.json data.
8 error package.json must be actual JSON, not just JavaScript.
8 error
8 error This is not a bug in npm.
8 error Tell the package author to fix their package.json file. JSON.parse
9 error System Linux 3.10.0-031000-generic
10 error command "/usr/local/bin/node" "/usr/local/bin/npm" "update" "-g" "ungit"
11 error cwd /home/carvantes/Documents/Java
12 error node -v v0.10.26
13 error npm -v 1.4.3
14 error file /usr/local/lib/node_modules/ungit/node_modules/npm-registry-client/node_modules/npm-cache-filename/package.json
15 error code EJSONPARSE
16 verbose exit [ 1, true ]
